device: mps
vocab_size: 65
train tokens: 1,003,854, val tokens: 111,540
params: 10.73M
iter     0 | lr 1.50e-06 | train 4.2559 | val 4.2520 | 26s elapsed
  step    25 | loss 3.0187
  step    50 | loss 2.6713
  step    75 | loss 2.5529
  step   100 | loss 2.4937
  step   125 | loss 2.4938
  step   150 | loss 2.4655
  step   175 | loss 2.4340
  step   200 | loss 2.4278
  step   225 | loss 2.3464
iter   250 | lr 3.00e-04 | train 2.2622 | val 2.2933 | 315s elapsed
  step   250 | loss 2.2952
  step   275 | loss 2.8130
  step   300 | loss 2.2413
  step   325 | loss 2.1929
  step   350 | loss 2.7467
  step   375 | loss 2.7164
  step   400 | loss 2.6650
  step   425 | loss 2.0029
  step   450 | loss 1.9734
  step   475 | loss 1.9107
iter   500 | lr 2.97e-04 | train 1.8434 | val 1.9550 | 624s elapsed
  step   500 | loss 1.9333
  step   525 | loss 1.8865
  step   550 | loss 1.8317
  step   575 | loss 1.7545
  step   600 | loss 1.7722
  step   625 | loss 1.7537
  step   650 | loss 1.7220
  step   675 | loss 1.7288
  step   700 | loss 1.6858
  step   725 | loss 1.6836
iter   750 | lr 2.91e-04 | train 1.5689 | val 1.7583 | 932s elapsed
  step   750 | loss 1.6617
  step   775 | loss 1.6284
  step   800 | loss 2.4518
  step   825 | loss 1.5993
  step   850 | loss 1.6098
  step   875 | loss 2.4608
  step   900 | loss 1.5600
  step   925 | loss 2.4428
  step   950 | loss 1.5443
  step   975 | loss 1.5233
iter  1000 | lr 2.82e-04 | train 1.4312 | val 1.6424 | 1239s elapsed
  step  1000 | loss 1.5051
  step  1025 | loss 1.4623
  step  1050 | loss 1.5015
  step  1075 | loss 1.4838
  step  1100 | loss 1.4686
  step  1125 | loss 1.4571
  step  1150 | loss 1.4562
  step  1175 | loss 1.4377
  step  1200 | loss 2.3787
  step  1225 | loss 1.4433
iter  1250 | lr 2.69e-04 | train 1.3718 | val 1.5723 | 1527s elapsed
  step  1250 | loss 1.3959
  step  1275 | loss 2.3521
  step  1300 | loss 2.3910
  step  1325 | loss 1.4026
  step  1350 | loss 1.3936
  step  1375 | loss 1.3755
  step  1400 | loss 1.3649
  step  1425 | loss 1.3930
  step  1450 | loss 2.3215
  step  1475 | loss 1.3228
iter  1500 | lr 2.54e-04 | train 1.2800 | val 1.5407 | 1812s elapsed
  step  1500 | loss 1.3379
  step  1525 | loss 1.3568
  step  1550 | loss 1.3197
  step  1575 | loss 1.3526
  step  1600 | loss 1.3383
  step  1625 | loss 1.3303
  step  1650 | loss 1.3048
  step  1675 | loss 1.2962
  step  1700 | loss 1.2800
  step  1725 | loss 2.3166
iter  1750 | lr 2.36e-04 | train 1.2377 | val 1.5328 | 2098s elapsed
  step  1750 | loss 1.2942
  step  1775 | loss 1.2470
  step  1800 | loss 1.2791
  step  1825 | loss 1.2701
  step  1850 | loss 1.2971
  step  1875 | loss 1.2649
  step  1900 | loss 1.2526
  step  1925 | loss 1.2662
  step  1950 | loss 2.2784
  step  1975 | loss 1.2338
iter  2000 | lr 2.17e-04 | train 1.1873 | val 1.4980 | 2383s elapsed
  step  2000 | loss 1.2490
  step  2025 | loss 1.2458
  step  2050 | loss 1.2364
  step  2075 | loss 1.2107
  step  2100 | loss 2.3018
  step  2125 | loss 1.2114
  step  2150 | loss 1.2260
  step  2175 | loss 1.2445
  step  2200 | loss 1.2260
  step  2225 | loss 1.2309
iter  2250 | lr 1.96e-04 | train 1.1439 | val 1.4991 | 2666s elapsed
  step  2250 | loss 1.1898
  step  2275 | loss 1.2212
  step  2300 | loss 1.1972
  step  2325 | loss 1.1920
  step  2350 | loss 1.1741
  step  2375 | loss 1.1937
  step  2400 | loss 1.2124
  step  2425 | loss 1.1990
  step  2450 | loss 1.1843
  step  2475 | loss 1.1940
iter  2500 | lr 1.74e-04 | train 1.0975 | val 1.4905 | 2948s elapsed
  step  2500 | loss 1.1745
  step  2525 | loss 2.2512
  step  2550 | loss 1.1988
  step  2575 | loss 2.2460
  step  2600 | loss 1.1498
  step  2625 | loss 1.1529
  step  2650 | loss 1.1545
  step  2675 | loss 2.2471
  step  2700 | loss 1.1171
  step  2725 | loss 1.1338
iter  2750 | lr 1.52e-04 | train 1.0590 | val 1.5025 | 3229s elapsed
  step  2750 | loss 1.1150
  step  2775 | loss 1.1659
  step  2800 | loss 2.2372
  step  2825 | loss 1.1294
  step  2850 | loss 1.1216
  step  2875 | loss 1.1204
  step  2900 | loss 1.1033
  step  2925 | loss 1.1264
  step  2950 | loss 2.2389
  step  2975 | loss 1.0927
iter  3000 | lr 1.30e-04 | train 1.0210 | val 1.5132 | 3511s elapsed
  step  3000 | loss 1.0803
  step  3025 | loss 1.0921
  step  3050 | loss 1.0869
  step  3075 | loss 1.0919
  step  3100 | loss 1.0894
  step  3125 | loss 1.0820
  step  3150 | loss 1.0848
  step  3175 | loss 1.1029
  step  3200 | loss 1.0776
  step  3225 | loss 1.0815
iter  3250 | lr 1.09e-04 | train 0.9816 | val 1.5278 | 3794s elapsed
  step  3250 | loss 1.0825
  step  3275 | loss 1.0796
  step  3300 | loss 1.0911
  step  3325 | loss 1.0537
  step  3350 | loss 1.0355
  step  3375 | loss 1.0641
  step  3400 | loss 1.0537
  step  3425 | loss 1.0357
  step  3450 | loss 1.0319
  step  3475 | loss 1.0707
iter  3500 | lr 9.00e-05 | train 0.9745 | val 1.5247 | 4076s elapsed
  step  3500 | loss 1.0429
  step  3525 | loss 1.0460
  step  3550 | loss 1.0622
  step  3575 | loss 1.0573
  step  3600 | loss 1.0312
  step  3625 | loss 1.0197
  step  3650 | loss 1.0259
  step  3675 | loss 2.1895
  step  3700 | loss 1.0329
  step  3725 | loss 1.0340
iter  3750 | lr 7.27e-05 | train 0.9397 | val 1.5471 | 4356s elapsed
  step  3750 | loss 1.0285
  step  3775 | loss 1.0391
  step  3800 | loss 1.0312
  step  3825 | loss 1.0267
  step  3850 | loss 1.0174
  step  3875 | loss 1.0094
  step  3900 | loss 1.0140
  step  3925 | loss 0.9927
  step  3950 | loss 1.0089
  step  3975 | loss 0.9944
iter  4000 | lr 5.79e-05 | train 0.8891 | val 1.5475 | 4635s elapsed
  step  4000 | loss 0.9915
  step  4025 | loss 1.0198
  step  4050 | loss 0.9967
  step  4075 | loss 2.1815
  step  4100 | loss 2.1822
  step  4125 | loss 0.9850
  step  4150 | loss 0.9922
  step  4175 | loss 0.9873
  step  4200 | loss 0.9939
  step  4225 | loss 0.9822
iter  4250 | lr 4.59e-05 | train 0.8644 | val 1.5659 | 4912s elapsed
  step  4250 | loss 0.9685
  step  4275 | loss 2.1662
  step  4300 | loss 2.1399
  step  4325 | loss 0.9701
  step  4350 | loss 0.9833
  step  4375 | loss 2.1327
  step  4400 | loss 0.9496
  step  4425 | loss 0.9781
  step  4450 | loss 0.9755
  step  4475 | loss 2.1474
iter  4500 | lr 3.72e-05 | train 0.8899 | val 1.5762 | 5190s elapsed
  step  4500 | loss 0.9659
  step  4525 | loss 0.9784
  step  4550 | loss 0.9707
  step  4575 | loss 0.9476
  step  4600 | loss 0.9553
  step  4625 | loss 0.9817
  step  4650 | loss 0.9741
  step  4675 | loss 0.9628
  step  4700 | loss 0.9737
  step  4725 | loss 0.9628
iter  4750 | lr 3.18e-05 | train 0.8252 | val 1.5835 | 5467s elapsed
  step  4750 | loss 0.9475
  step  4775 | loss 0.9655
  step  4800 | loss 0.9773
  step  4825 | loss 0.9735
  step  4850 | loss 0.9519
  step  4875 | loss 0.9478
  step  4900 | loss 0.9538
  step  4925 | loss 0.9405
  step  4950 | loss 0.9397
  step  4975 | loss 0.9398
iter  5000 | lr 3.00e-05 | train 0.8177 | val 1.6006 | 5743s elapsed
  step  5000 | loss 0.9478
done. best val loss: 1.4905
checkpoint: /Users/rithvikb/Desktop/klotho/out/best.pt
